<?xml version="1.0" encoding="UTF-8"?>
<testsuite name="com.mumbicodes.model.ExampleUnitTest" tests="1" skipped="0" failures="0" errors="0" timestamp="2023-08-01T20:34:57" hostname="Mumbis-MacBook-Pro.local" time="0.004">
  <properties/>
  <testcase name="addition_isCorrect" classname="com.mumbicodes.model.ExampleUnitTest" time="0.004"/>
  <system-out><![CDATA[]]></system-out>
  <system-err><![CDATA[]]></system-err>
</testsuite>
